<?xml version="1.0" encoding="UTF-8"?>
<coverage generated="1703705952826" clover="3.2.0">
  <project timestamp="1703705952826" name="All files">
    <metrics statements="46" coveredstatements="42" conditionals="7" coveredconditionals="7" methods="14" coveredmethods="14" elements="67" coveredelements="63" complexity="0" loc="46" ncloc="46" packages="1" files="1" classes="1"/>
    <file name="index.ts" path="/Users/chrystiancavalcante/Desktop/Desafio-pokemom/Back-end/src/index.ts">
      <metrics statements="46" coveredstatements="42" conditionals="7" coveredconditionals="7" methods="14" coveredmethods="14"/>
      <line num="1" count="4" type="stmt"/>
      <line num="2" count="4" type="stmt"/>
      <line num="3" count="4" type="stmt"/>
      <line num="5" count="4" type="stmt"/>
      <line num="6" count="4" type="stmt"/>
      <line num="7" count="4" type="stmt"/>
      <line num="20" count="4" type="stmt"/>
      <line num="21" count="4" type="stmt"/>
      <line num="25" count="4" type="stmt"/>
      <line num="26" count="604" type="stmt"/>
      <line num="27" count="604" type="cond" truecount="1" falsecount="0"/>
      <line num="28" count="872" type="stmt"/>
      <line num="29" count="604" type="stmt"/>
      <line num="35" count="4" type="stmt"/>
      <line num="37" count="0" type="stmt"/>
      <line num="38" count="0" type="stmt"/>
      <line num="44" count="4" type="stmt"/>
      <line num="45" count="2" type="stmt"/>
      <line num="46" count="2" type="cond" truecount="3" falsecount="0"/>
      <line num="47" count="1" type="stmt"/>
      <line num="50" count="1" type="stmt"/>
      <line num="51" count="1" type="stmt"/>
      <line num="52" count="1" type="stmt"/>
      <line num="56" count="4" type="stmt"/>
      <line num="58" count="1" type="stmt"/>
      <line num="59" count="1" type="stmt"/>
      <line num="61" count="0" type="stmt"/>
      <line num="66" count="4" type="stmt"/>
      <line num="67" count="3" type="stmt"/>
      <line num="69" count="3" type="stmt"/>
      <line num="70" count="3" type="cond" truecount="1" falsecount="0"/>
      <line num="71" count="2" type="stmt"/>
      <line num="72" count="302" type="stmt"/>
      <line num="75" count="3" type="cond" truecount="1" falsecount="0"/>
      <line num="76" count="1" type="stmt"/>
      <line num="77" count="215" type="stmt"/>
      <line num="81" count="3" type="cond" truecount="1" falsecount="0"/>
      <line num="82" count="1" type="stmt"/>
      <line num="85" count="2" type="stmt"/>
      <line num="87" count="0" type="stmt"/>
      <line num="91" count="4" type="stmt"/>
      <line num="93" count="2" type="stmt"/>
      <line num="94" count="2" type="stmt"/>
      <line num="95" count="1" type="stmt"/>
      <line num="96" count="1" type="stmt"/>
      <line num="98" count="1" type="stmt"/>
    </file>
  </project>
</coverage>
