{"/Users/chrystiancavalcante/Desktop/Desafio-pokemom/Back-end/src/index.ts": {"path":"/Users/chrystiancavalcante/Desktop/Desafio-pokemom/Back-end/src/index.ts","statementMap":{"0":{"start":{"line":1,"column":0},"end":{"line":1,"column":53}},"1":{"start":{"line":2,"column":0},"end":{"line":2,"column":26}},"2":{"start":{"line":3,"column":0},"end":{"line":3,"column":37}},"3":{"start":{"line":5,"column":12},"end":{"line":5,"column":21}},"4":{"start":{"line":6,"column":0},"end":{"line":6,"column":27}},"5":{"start":{"line":7,"column":0},"end":{"line":7,"column":19}},"6":{"start":{"line":20,"column":29},"end":{"line":20,"column":31}},"7":{"start":{"line":21,"column":17},"end":{"line":21,"column":18}},"8":{"start":{"line":25,"column":21},"end":{"line":25,"column":null}},"9":{"start":{"line":25,"column":10},"end":{"line":25,"column":null}},"10":{"start":{"line":26,"column":21},"end":{"line":34,"column":null}},"11":{"start":{"line":26,"column":108},"end":{"line":34,"column":6}},"12":{"start":{"line":27,"column":29},"end":{"line":27,"column":null}},"13":{"start":{"line":27,"column":12},"end":{"line":27,"column":null}},"14":{"start":{"line":28,"column":12},"end":{"line":28,"column":111}},"15":{"start":{"line":28,"column":91},"end":{"line":28,"column":110}},"16":{"start":{"line":29,"column":6},"end":{"line":33,"column":8}},"17":{"start":{"line":26,"column":10},"end":{"line":34,"column":null}},"18":{"start":{"line":35,"column":4},"end":{"line":35,"column":20}},"19":{"start":{"line":37,"column":4},"end":{"line":37,"column":54}},"20":{"start":{"line":38,"column":4},"end":{"line":38,"column":47}},"21":{"start":{"line":44,"column":0},"end":{"line":53,"column":3}},"22":{"start":{"line":45,"column":23},"end":{"line":45,"column":32}},"23":{"start":{"line":46,"column":2},"end":{"line":48,"column":3}},"24":{"start":{"line":47,"column":4},"end":{"line":47,"column":75}},"25":{"start":{"line":50,"column":28},"end":{"line":50,"column":58}},"26":{"start":{"line":51,"column":2},"end":{"line":51,"column":19}},"27":{"start":{"line":52,"column":2},"end":{"line":52,"column":29}},"28":{"start":{"line":56,"column":0},"end":{"line":63,"column":3}},"29":{"start":{"line":56,"column":55},"end":{"line":63,"column":2}},"30":{"start":{"line":58,"column":21},"end":{"line":58,"column":null}},"31":{"start":{"line":58,"column":10},"end":{"line":58,"column":null}},"32":{"start":{"line":59,"column":4},"end":{"line":59,"column":23}},"33":{"start":{"line":61,"column":4},"end":{"line":61,"column":52}},"34":{"start":{"line":66,"column":0},"end":{"line":89,"column":3}},"35":{"start":{"line":66,"column":62},"end":{"line":89,"column":2}},"36":{"start":{"line":67,"column":8},"end":{"line":67,"column":25}},"37":{"start":{"line":69,"column":19},"end":{"line":69,"column":null}},"38":{"start":{"line":69,"column":8},"end":{"line":69,"column":null}},"39":{"start":{"line":70,"column":4},"end":{"line":74,"column":5}},"40":{"start":{"line":71,"column":6},"end":{"line":73,"column":8}},"41":{"start":{"line":72,"column":8},"end":{"line":72,"column":null}},"42":{"start":{"line":75,"column":4},"end":{"line":79,"column":5}},"43":{"start":{"line":76,"column":6},"end":{"line":78,"column":8}},"44":{"start":{"line":77,"column":8},"end":{"line":77,"column":null}},"45":{"start":{"line":77,"column":38},"end":{"line":77,"column":95}},"46":{"start":{"line":81,"column":4},"end":{"line":83,"column":5}},"47":{"start":{"line":82,"column":6},"end":{"line":82,"column":90}},"48":{"start":{"line":85,"column":4},"end":{"line":85,"column":23}},"49":{"start":{"line":87,"column":4},"end":{"line":87,"column":53}},"50":{"start":{"line":91,"column":0},"end":{"line":100,"column":3}},"51":{"start":{"line":91,"column":69},"end":{"line":100,"column":2}},"52":{"start":{"line":93,"column":12},"end":{"line":93,"column":19}},"53":{"start":{"line":94,"column":30},"end":{"line":94,"column":null}},"54":{"start":{"line":94,"column":10},"end":{"line":94,"column":null}},"55":{"start":{"line":95,"column":10},"end":{"line":95,"column":52}},"56":{"start":{"line":96,"column":4},"end":{"line":96,"column":25}},"57":{"start":{"line":98,"column":4},"end":{"line":98,"column":66}}},"fnMap":{"0":{"name":"getPokemons","decl":{"start":{"line":23,"column":15},"end":{"line":23,"column":26}},"loc":{"start":{"line":23,"column":26},"end":{"line":40,"column":null}}},"1":{"name":"(anonymous_17)","decl":{"start":{"line":26,"column":65},"end":{"line":26,"column":72}},"loc":{"start":{"line":26,"column":108},"end":{"line":34,"column":6}}},"2":{"name":"(anonymous_18)","decl":{"start":{"line":26,"column":108},"end":{"line":26,"column":null}},"loc":{"start":{"line":26,"column":108},"end":{"line":34,"column":6}}},"3":{"name":"(anonymous_20)","decl":{"start":{"line":28,"column":50},"end":{"line":28,"column":51}},"loc":{"start":{"line":28,"column":86},"end":{"line":28,"column":99}}},"4":{"name":"(anonymous_21)","decl":{"start":{"line":44,"column":18},"end":{"line":44,"column":19}},"loc":{"start":{"line":44,"column":46},"end":{"line":53,"column":1}}},"5":{"name":"(anonymous_22)","decl":{"start":{"line":56,"column":21},"end":{"line":56,"column":28}},"loc":{"start":{"line":56,"column":55},"end":{"line":63,"column":2}}},"6":{"name":"(anonymous_23)","decl":{"start":{"line":56,"column":55},"end":{"line":56,"column":null}},"loc":{"start":{"line":56,"column":55},"end":{"line":63,"column":2}}},"7":{"name":"(anonymous_25)","decl":{"start":{"line":66,"column":28},"end":{"line":66,"column":35}},"loc":{"start":{"line":66,"column":62},"end":{"line":89,"column":2}}},"8":{"name":"(anonymous_26)","decl":{"start":{"line":66,"column":62},"end":{"line":66,"column":null}},"loc":{"start":{"line":66,"column":62},"end":{"line":89,"column":2}}},"9":{"name":"(anonymous_28)","decl":{"start":{"line":71,"column":33},"end":{"line":71,"column":40}},"loc":{"start":{"line":71,"column":40},"end":{"line":72,"column":15}}},"10":{"name":"(anonymous_29)","decl":{"start":{"line":76,"column":33},"end":{"line":76,"column":40}},"loc":{"start":{"line":76,"column":40},"end":{"line":77,"column":15}}},"11":{"name":"(anonymous_30)","decl":{"start":{"line":77,"column":26},"end":{"line":77,"column":34}},"loc":{"start":{"line":77,"column":34},"end":{"line":77,"column":46}}},"12":{"name":"(anonymous_31)","decl":{"start":{"line":91,"column":35},"end":{"line":91,"column":42}},"loc":{"start":{"line":91,"column":69},"end":{"line":100,"column":2}}},"13":{"name":"(anonymous_32)","decl":{"start":{"line":91,"column":69},"end":{"line":91,"column":null}},"loc":{"start":{"line":91,"column":69},"end":{"line":100,"column":2}}}},"branchMap":{"0":{"loc":{"start":{"line":27,"column":29},"end":{"line":27,"column":null}},"type":"switch","locations":[{"start":{"line":27,"column":29},"end":{"line":27,"column":null}}]},"1":{"loc":{"start":{"line":46,"column":2},"end":{"line":48,"column":3}},"type":"if","locations":[{"start":{"line":46,"column":2},"end":{"line":48,"column":3}}]},"2":{"loc":{"start":{"line":46,"column":6},"end":{"line":46,"column":40}},"type":"binary-expr","locations":[{"start":{"line":46,"column":6},"end":{"line":46,"column":15}},{"start":{"line":46,"column":19},"end":{"line":46,"column":40}}]},"3":{"loc":{"start":{"line":70,"column":4},"end":{"line":74,"column":5}},"type":"if","locations":[{"start":{"line":70,"column":4},"end":{"line":74,"column":5}}]},"4":{"loc":{"start":{"line":75,"column":4},"end":{"line":79,"column":5}},"type":"if","locations":[{"start":{"line":75,"column":4},"end":{"line":79,"column":5}}]},"5":{"loc":{"start":{"line":81,"column":4},"end":{"line":83,"column":5}},"type":"if","locations":[{"start":{"line":81,"column":4},"end":{"line":83,"column":5}}]}},"s":{"0":4,"1":4,"2":4,"3":4,"4":4,"5":4,"6":4,"7":4,"8":4,"9":4,"10":4,"11":604,"12":604,"13":604,"14":604,"15":872,"16":604,"17":4,"18":4,"19":0,"20":0,"21":4,"22":2,"23":2,"24":1,"25":1,"26":1,"27":1,"28":4,"29":1,"30":1,"31":1,"32":1,"33":0,"34":4,"35":3,"36":3,"37":3,"38":3,"39":3,"40":2,"41":302,"42":3,"43":1,"44":151,"45":215,"46":3,"47":1,"48":2,"49":0,"50":4,"51":2,"52":2,"53":2,"54":2,"55":1,"56":1,"57":1},"f":{"0":4,"1":604,"2":604,"3":872,"4":2,"5":1,"6":1,"7":3,"8":3,"9":302,"10":151,"11":215,"12":2,"13":2},"b":{"0":[604],"1":[1],"2":[2,2],"3":[2],"4":[1],"5":[1]}}
}
