{"/Users/chrystiancavalcante/Desktop/Desafio-pokemom/Back-end/src/index.ts": {"path":"/Users/chrystiancavalcante/Desktop/Desafio-pokemom/Back-end/src/index.ts","statementMap":{"0":{"start":{"line":1,"column":0},"end":{"line":1,"column":53}},"1":{"start":{"line":2,"column":0},"end":{"line":2,"column":26}},"2":{"start":{"line":3,"column":0},"end":{"line":3,"column":37}},"3":{"start":{"line":5,"column":12},"end":{"line":5,"column":21}},"4":{"start":{"line":6,"column":0},"end":{"line":6,"column":27}},"5":{"start":{"line":20,"column":29},"end":{"line":20,"column":31}},"6":{"start":{"line":21,"column":17},"end":{"line":21,"column":18}},"7":{"start":{"line":25,"column":21},"end":{"line":25,"column":null}},"8":{"start":{"line":25,"column":10},"end":{"line":25,"column":null}},"9":{"start":{"line":26,"column":21},"end":{"line":34,"column":null}},"10":{"start":{"line":26,"column":108},"end":{"line":34,"column":6}},"11":{"start":{"line":27,"column":29},"end":{"line":27,"column":null}},"12":{"start":{"line":27,"column":12},"end":{"line":27,"column":null}},"13":{"start":{"line":28,"column":12},"end":{"line":28,"column":111}},"14":{"start":{"line":28,"column":91},"end":{"line":28,"column":110}},"15":{"start":{"line":29,"column":6},"end":{"line":33,"column":8}},"16":{"start":{"line":26,"column":10},"end":{"line":34,"column":null}},"17":{"start":{"line":35,"column":4},"end":{"line":35,"column":20}},"18":{"start":{"line":37,"column":4},"end":{"line":37,"column":54}},"19":{"start":{"line":38,"column":4},"end":{"line":38,"column":47}},"20":{"start":{"line":43,"column":0},"end":{"line":52,"column":3}},"21":{"start":{"line":44,"column":23},"end":{"line":44,"column":32}},"22":{"start":{"line":45,"column":2},"end":{"line":47,"column":3}},"23":{"start":{"line":46,"column":4},"end":{"line":46,"column":75}},"24":{"start":{"line":49,"column":28},"end":{"line":49,"column":58}},"25":{"start":{"line":50,"column":2},"end":{"line":50,"column":19}},"26":{"start":{"line":51,"column":2},"end":{"line":51,"column":29}},"27":{"start":{"line":55,"column":0},"end":{"line":62,"column":3}},"28":{"start":{"line":55,"column":55},"end":{"line":62,"column":2}},"29":{"start":{"line":57,"column":21},"end":{"line":57,"column":null}},"30":{"start":{"line":57,"column":10},"end":{"line":57,"column":null}},"31":{"start":{"line":58,"column":4},"end":{"line":58,"column":23}},"32":{"start":{"line":60,"column":4},"end":{"line":60,"column":52}},"33":{"start":{"line":65,"column":0},"end":{"line":88,"column":3}},"34":{"start":{"line":65,"column":62},"end":{"line":88,"column":2}},"35":{"start":{"line":66,"column":8},"end":{"line":66,"column":25}},"36":{"start":{"line":68,"column":19},"end":{"line":68,"column":null}},"37":{"start":{"line":68,"column":8},"end":{"line":68,"column":null}},"38":{"start":{"line":69,"column":4},"end":{"line":73,"column":5}},"39":{"start":{"line":70,"column":6},"end":{"line":72,"column":8}},"40":{"start":{"line":71,"column":8},"end":{"line":71,"column":null}},"41":{"start":{"line":74,"column":4},"end":{"line":78,"column":5}},"42":{"start":{"line":75,"column":6},"end":{"line":77,"column":8}},"43":{"start":{"line":76,"column":8},"end":{"line":76,"column":null}},"44":{"start":{"line":76,"column":38},"end":{"line":76,"column":95}},"45":{"start":{"line":80,"column":4},"end":{"line":82,"column":5}},"46":{"start":{"line":81,"column":6},"end":{"line":81,"column":90}},"47":{"start":{"line":84,"column":4},"end":{"line":84,"column":23}},"48":{"start":{"line":86,"column":4},"end":{"line":86,"column":53}},"49":{"start":{"line":91,"column":0},"end":{"line":100,"column":3}},"50":{"start":{"line":91,"column":69},"end":{"line":100,"column":2}},"51":{"start":{"line":93,"column":12},"end":{"line":93,"column":19}},"52":{"start":{"line":94,"column":30},"end":{"line":94,"column":null}},"53":{"start":{"line":94,"column":10},"end":{"line":94,"column":null}},"54":{"start":{"line":95,"column":10},"end":{"line":95,"column":52}},"55":{"start":{"line":96,"column":4},"end":{"line":96,"column":25}},"56":{"start":{"line":98,"column":4},"end":{"line":98,"column":66}},"57":{"start":{"line":102,"column":0},"end":{"line":102,"column":19}}},"fnMap":{"0":{"name":"getPokemons","decl":{"start":{"line":23,"column":15},"end":{"line":23,"column":26}},"loc":{"start":{"line":23,"column":26},"end":{"line":40,"column":null}}},"1":{"name":"(anonymous_17)","decl":{"start":{"line":26,"column":65},"end":{"line":26,"column":72}},"loc":{"start":{"line":26,"column":108},"end":{"line":34,"column":6}}},"2":{"name":"(anonymous_18)","decl":{"start":{"line":26,"column":108},"end":{"line":26,"column":null}},"loc":{"start":{"line":26,"column":108},"end":{"line":34,"column":6}}},"3":{"name":"(anonymous_20)","decl":{"start":{"line":28,"column":50},"end":{"line":28,"column":51}},"loc":{"start":{"line":28,"column":86},"end":{"line":28,"column":99}}},"4":{"name":"(anonymous_21)","decl":{"start":{"line":43,"column":18},"end":{"line":43,"column":19}},"loc":{"start":{"line":43,"column":46},"end":{"line":52,"column":1}}},"5":{"name":"(anonymous_22)","decl":{"start":{"line":55,"column":21},"end":{"line":55,"column":28}},"loc":{"start":{"line":55,"column":55},"end":{"line":62,"column":2}}},"6":{"name":"(anonymous_23)","decl":{"start":{"line":55,"column":55},"end":{"line":55,"column":null}},"loc":{"start":{"line":55,"column":55},"end":{"line":62,"column":2}}},"7":{"name":"(anonymous_25)","decl":{"start":{"line":65,"column":28},"end":{"line":65,"column":35}},"loc":{"start":{"line":65,"column":62},"end":{"line":88,"column":2}}},"8":{"name":"(anonymous_26)","decl":{"start":{"line":65,"column":62},"end":{"line":65,"column":null}},"loc":{"start":{"line":65,"column":62},"end":{"line":88,"column":2}}},"9":{"name":"(anonymous_28)","decl":{"start":{"line":70,"column":33},"end":{"line":70,"column":40}},"loc":{"start":{"line":70,"column":40},"end":{"line":71,"column":15}}},"10":{"name":"(anonymous_29)","decl":{"start":{"line":75,"column":33},"end":{"line":75,"column":40}},"loc":{"start":{"line":75,"column":40},"end":{"line":76,"column":15}}},"11":{"name":"(anonymous_30)","decl":{"start":{"line":76,"column":26},"end":{"line":76,"column":34}},"loc":{"start":{"line":76,"column":34},"end":{"line":76,"column":46}}},"12":{"name":"(anonymous_31)","decl":{"start":{"line":91,"column":35},"end":{"line":91,"column":42}},"loc":{"start":{"line":91,"column":69},"end":{"line":100,"column":2}}},"13":{"name":"(anonymous_32)","decl":{"start":{"line":91,"column":69},"end":{"line":91,"column":null}},"loc":{"start":{"line":91,"column":69},"end":{"line":100,"column":2}}}},"branchMap":{"0":{"loc":{"start":{"line":27,"column":29},"end":{"line":27,"column":null}},"type":"switch","locations":[{"start":{"line":27,"column":29},"end":{"line":27,"column":null}}]},"1":{"loc":{"start":{"line":45,"column":2},"end":{"line":47,"column":3}},"type":"if","locations":[{"start":{"line":45,"column":2},"end":{"line":47,"column":3}}]},"2":{"loc":{"start":{"line":45,"column":6},"end":{"line":45,"column":40}},"type":"binary-expr","locations":[{"start":{"line":45,"column":6},"end":{"line":45,"column":15}},{"start":{"line":45,"column":19},"end":{"line":45,"column":40}}]},"3":{"loc":{"start":{"line":69,"column":4},"end":{"line":73,"column":5}},"type":"if","locations":[{"start":{"line":69,"column":4},"end":{"line":73,"column":5}}]},"4":{"loc":{"start":{"line":74,"column":4},"end":{"line":78,"column":5}},"type":"if","locations":[{"start":{"line":74,"column":4},"end":{"line":78,"column":5}}]},"5":{"loc":{"start":{"line":80,"column":4},"end":{"line":82,"column":5}},"type":"if","locations":[{"start":{"line":80,"column":4},"end":{"line":82,"column":5}}]}},"s":{"0":4,"1":4,"2":4,"3":4,"4":4,"5":4,"6":4,"7":4,"8":4,"9":4,"10":604,"11":604,"12":604,"13":604,"14":872,"15":604,"16":4,"17":4,"18":0,"19":0,"20":4,"21":2,"22":2,"23":1,"24":1,"25":1,"26":1,"27":4,"28":1,"29":1,"30":1,"31":1,"32":0,"33":4,"34":3,"35":3,"36":3,"37":3,"38":3,"39":2,"40":302,"41":3,"42":1,"43":151,"44":215,"45":3,"46":1,"47":2,"48":0,"49":4,"50":2,"51":2,"52":2,"53":2,"54":1,"55":1,"56":1,"57":4},"f":{"0":4,"1":604,"2":604,"3":872,"4":2,"5":1,"6":1,"7":3,"8":3,"9":302,"10":151,"11":215,"12":2,"13":2},"b":{"0":[604],"1":[1],"2":[2,2],"3":[2],"4":[1],"5":[1]}}
}
