TN:
SF:src/index.ts
FN:23,getPokemons
FN:26,(anonymous_17)
FN:26,(anonymous_18)
FN:28,(anonymous_20)
FN:43,(anonymous_21)
FN:55,(anonymous_22)
FN:55,(anonymous_23)
FN:65,(anonymous_25)
FN:65,(anonymous_26)
FN:70,(anonymous_28)
FN:75,(anonymous_29)
FN:76,(anonymous_30)
FN:91,(anonymous_31)
FN:91,(anonymous_32)
FNF:14
FNH:14
FNDA:4,getPokemons
FNDA:604,(anonymous_17)
FNDA:604,(anonymous_18)
FNDA:872,(anonymous_20)
FNDA:2,(anonymous_21)
FNDA:1,(anonymous_22)
FNDA:1,(anonymous_23)
FNDA:3,(anonymous_25)
FNDA:3,(anonymous_26)
FNDA:302,(anonymous_28)
FNDA:151,(anonymous_29)
FNDA:215,(anonymous_30)
FNDA:2,(anonymous_31)
FNDA:2,(anonymous_32)
DA:1,4
DA:2,4
DA:3,4
DA:5,4
DA:6,4
DA:20,4
DA:21,4
DA:25,4
DA:26,604
DA:27,604
DA:28,872
DA:29,604
DA:35,4
DA:37,0
DA:38,0
DA:43,4
DA:44,2
DA:45,2
DA:46,1
DA:49,1
DA:50,1
DA:51,1
DA:55,4
DA:57,1
DA:58,1
DA:60,0
DA:65,4
DA:66,3
DA:68,3
DA:69,3
DA:70,2
DA:71,302
DA:74,3
DA:75,1
DA:76,215
DA:80,3
DA:81,1
DA:84,2
DA:86,0
DA:91,4
DA:93,2
DA:94,2
DA:95,1
DA:96,1
DA:98,1
DA:102,4
LF:46
LH:42
BRDA:27,0,0,604
BRDA:45,1,0,1
BRDA:45,2,0,2
BRDA:45,2,1,2
BRDA:69,3,0,2
BRDA:74,4,0,1
BRDA:80,5,0,1
BRF:7
BRH:7
end_of_record
