TN:
SF:src/index.ts
FN:23,getPokemons
FN:26,(anonymous_17)
FN:26,(anonymous_18)
FN:28,(anonymous_20)
FN:44,(anonymous_21)
FN:56,(anonymous_22)
FN:56,(anonymous_23)
FN:66,(anonymous_25)
FN:66,(anonymous_26)
FN:71,(anonymous_28)
FN:76,(anonymous_29)
FN:77,(anonymous_30)
FN:91,(anonymous_31)
FN:91,(anonymous_32)
FNF:14
FNH:14
FNDA:4,getPokemons
FNDA:604,(anonymous_17)
FNDA:604,(anonymous_18)
FNDA:872,(anonymous_20)
FNDA:2,(anonymous_21)
FNDA:1,(anonymous_22)
FNDA:1,(anonymous_23)
FNDA:3,(anonymous_25)
FNDA:3,(anonymous_26)
FNDA:302,(anonymous_28)
FNDA:151,(anonymous_29)
FNDA:215,(anonymous_30)
FNDA:2,(anonymous_31)
FNDA:2,(anonymous_32)
DA:1,4
DA:2,4
DA:3,4
DA:5,4
DA:6,4
DA:7,4
DA:20,4
DA:21,4
DA:25,4
DA:26,604
DA:27,604
DA:28,872
DA:29,604
DA:35,4
DA:37,0
DA:38,0
DA:44,4
DA:45,2
DA:46,2
DA:47,1
DA:50,1
DA:51,1
DA:52,1
DA:56,4
DA:58,1
DA:59,1
DA:61,0
DA:66,4
DA:67,3
DA:69,3
DA:70,3
DA:71,2
DA:72,302
DA:75,3
DA:76,1
DA:77,215
DA:81,3
DA:82,1
DA:85,2
DA:87,0
DA:91,4
DA:93,2
DA:94,2
DA:95,1
DA:96,1
DA:98,1
LF:46
LH:42
BRDA:27,0,0,604
BRDA:46,1,0,1
BRDA:46,2,0,2
BRDA:46,2,1,2
BRDA:70,3,0,2
BRDA:75,4,0,1
BRDA:81,5,0,1
BRF:7
BRH:7
end_of_record
